This is TeX, Version 3.14159 (Web2C 7.3.7) (format=latex 2003.6.6)  16 DEC 2004 11:01
**dochmm.tex
(./dochmm.tex
LaTeX2e <2001/06/01>
Babel <v3.7h> and hyphenation patterns for american, french, german, ngerman, n
ohyphenation, loaded.
(/usr/share/texmf/tex/latex/base/article.cls
Document Class: article 2001/04/21 v1.4e Standard LaTeX document class
(/usr/share/texmf/tex/latex/base/size11.clo
File: size11.clo 2001/04/21 v1.4e Standard LaTeX file (size option)
)
\c@part=\count79
\c@section=\count80
\c@subsection=\count81
\c@subsubsection=\count82
\c@paragraph=\count83
\c@subparagraph=\count84
\c@figure=\count85
\c@table=\count86
\abovecaptionskip=\skip41
\belowcaptionskip=\skip42
\bibindent=\dimen102
)
(/usr/share/texmf/tex/generic/babel/babel.sty
Package: babel 2001/03/01 v3.7h The Babel package

(/usr/share/texmf/tex/generic/babel/english.ldf
Language: english 2001/04/15 v3.3l English support from the babel system

(/usr/share/texmf/tex/generic/babel/babel.def
File: babel.def 2001/03/01 v3.7h Babel common definitions
\babel@savecnt=\count87
\U@D=\dimen103
)
\l@canadian = a dialect from \language\l@english 
)) (./dochmm.aux)
\openout1 = `dochmm.aux'.

LaTeX Font Info:    Checking defaults for OML/cmm/m/it on input line 10.
LaTeX Font Info:    ... okay on input line 10.
LaTeX Font Info:    Checking defaults for T1/cmr/m/n on input line 10.
LaTeX Font Info:    ... okay on input line 10.
LaTeX Font Info:    Checking defaults for OT1/cmr/m/n on input line 10.
LaTeX Font Info:    ... okay on input line 10.
LaTeX Font Info:    Checking defaults for OMS/cmsy/m/n on input line 10.
LaTeX Font Info:    ... okay on input line 10.
LaTeX Font Info:    Checking defaults for OMX/cmex/m/n on input line 10.
LaTeX Font Info:    ... okay on input line 10.
LaTeX Font Info:    Checking defaults for U/cmr/m/n on input line 10.
LaTeX Font Info:    ... okay on input line 10.
LaTeX Font Info:    External font `cmex10' loaded for size
(Font)              <12> on input line 12.
LaTeX Font Info:    External font `cmex10' loaded for size
(Font)              <8> on input line 12.
LaTeX Font Info:    External font `cmex10' loaded for size
(Font)              <6> on input line 12.
LaTeX Font Info:    External font `cmex10' loaded for size
(Font)              <10.95> on input line 16.
LaTeX Font Info:    Try loading font information for OMS+cmr on input line 19.

(/usr/share/texmf/tex/latex/base/omscmr.fd
File: omscmr.fd 1999/05/25 v2.5h Standard LaTeX font definitions
)
LaTeX Font Info:    Font shape `OMS/cmr/m/n' in size <10.95> not available
(Font)              Font shape `OMS/cmsy/m/n' tried instead on input line 19.
 [1

] [2] [3] [4] [5] [6] [7]
[8] [9] [10]
Overfull \hbox (30.91077pt too wide) in paragraph at lines 664--664
[]\OT1/cmtt/m/n/10.95 ########## STATE begin ##################################
###########[] 
 []


Overfull \hbox (30.91077pt too wide) in paragraph at lines 664--664
[]\OT1/cmtt/m/n/10.95 ########## STATE SS1 ####################################
###########[] 
 []

[11]
Overfull \hbox (30.91077pt too wide) in paragraph at lines 664--664
[]\OT1/cmtt/m/n/10.95 ########## STATE SS2 ####################################
###########[] 
 []


Overfull \hbox (30.91077pt too wide) in paragraph at lines 664--664
[]\OT1/cmtt/m/n/10.95 ########## STATE SH1 ####################################
###########[] 
 []


Overfull \hbox (30.91077pt too wide) in paragraph at lines 664--664
[]\OT1/cmtt/m/n/10.95 ########## STATE SH2 ####################################
###########[] 
 []


Overfull \hbox (30.91077pt too wide) in paragraph at lines 664--664
[]\OT1/cmtt/m/n/10.95 ########## STATE End ####################################
###########[] 
 []

[12] [13] [14] (./dochmm.aux) ) 
Here is how much of TeX's memory you used:
 548 strings out of 10847
 6090 string characters out of 70947
 59227 words of memory out of 263001
 3537 multiletter control sequences out of 10000+0
 9325 words of font info for 33 fonts, out of 400000 for 1000
 14 hyphenation exceptions out of 1000
 25i,13n,19p,169b,302s stack positions out of 300i,100n,500p,50000b,4000s

Output written on dochmm.dvi (14 pages, 32988 bytes).
